<?xml version="1.0" encoding="UTF-8"?>
<!-- Generated by org.testng.reporters.JUnitReportReporter -->
<testsuite hostname="DESKTOP-T29RGA0" failures="0" tests="1" name="com.ds.testLayer.LoginPageTest" time="11.492" errors="0" timestamp="2023-02-02T13:11:27 IST" skipped="0">
  <testcase classname="com.ds.testLayer.LoginPageTest" name="verifyLoginWithCorrectCred" time="11.492"/>
  <system-out/>
</testsuite> <!-- com.ds.testLayer.LoginPageTest -->
