<?xml version="1.0" encoding="UTF-8"?>
<!-- Generated by org.testng.reporters.JUnitReportReporter -->
<testsuite hostname="DESKTOP-T29RGA0" failures="0" tests="1" name="com.ds.testLayer.BuyFunctionalityTest" time="14.636" errors="0" timestamp="2023-02-03T13:54:27 IST" skipped="0">
  <testcase classname="com.ds.testLayer.BuyFunctionalityTest" name="VerifyBuyFunctionalitywithIntrdayCustomt" time="14.636"/>
  <system-out/>
</testsuite> <!-- com.ds.testLayer.BuyFunctionalityTest -->
