<?xml version="1.0" encoding="UTF-8"?>
<!-- Generated by org.testng.reporters.JUnitReportReporter -->
<testsuite hostname="DESKTOP-T29RGA0" failures="0" tests="1" name="com.ds.testLayer.LogoutFunctionalityTest" time="13.384" errors="0" timestamp="2023-02-02T13:11:27 IST" skipped="0">
  <testcase classname="com.ds.testLayer.LogoutFunctionalityTest" name="verifylogoutfunctionality" time="13.384"/>
  <system-out/>
</testsuite> <!-- com.ds.testLayer.LogoutFunctionalityTest -->
