<?xml version="1.0" encoding="UTF-8"?>
<!-- Generated by org.testng.reporters.JUnitReportReporter -->
<testsuite hostname="DESKTOP-T29RGA0" failures="0" tests="2" name="testLayer.BuyProduct" time="0.005" errors="0" timestamp="2023-01-25T11:26:03 IST" skipped="0">
  <testcase classname="testLayer.BuyProduct" name="test1" time="0.002"/>
  <system-out/>
  <testcase classname="testLayer.BuyProduct" name="test3" time="0.003"/>
  <system-out/>
</testsuite> <!-- testLayer.BuyProduct -->
