<?xml version="1.0" encoding="UTF-8"?>
<!-- Generated by org.testng.reporters.JUnitReportReporter -->
<testsuite hostname="DESKTOP-T29RGA0" failures="0" tests="3" name="basicTestNG.Sample2" time="0.005" errors="0" timestamp="2023-01-24T11:47:35 IST" skipped="0">
  <testcase classname="basicTestNG.Sample2" name="xyz" time="0.002"/>
  <system-out/>
  <testcase classname="basicTestNG.Sample2" name="mnp" time="0.001"/>
  <system-out/>
  <testcase classname="basicTestNG.Sample2" name="abc" time="0.002"/>
  <system-out/>
</testsuite> <!-- basicTestNG.Sample2 -->
