<?xml version="1.0" encoding="UTF-8"?>
<!-- Generated by org.testng.reporters.JUnitReportReporter -->
<testsuite hostname="DESKTOP-T29RGA0" failures="0" tests="2" name="annotations.SampleEx" time="0.018" errors="0" timestamp="2023-01-28T13:14:26 IST" skipped="0">
  <testcase classname="annotations.SampleEx" name="test2" time="0.003"/>
  <system-out/>
  <testcase classname="annotations.SampleEx" name="test1" time="0.015"/>
  <system-out/>
</testsuite> <!-- annotations.SampleEx -->
