<?xml version="1.0" encoding="UTF-8"?>
<!-- Generated by org.testng.reporters.JUnitReportReporter -->
<testsuite hostname="DESKTOP-T29RGA0" failures="0" tests="2" name="testLayer.Register" time="0.018" errors="0" timestamp="2023-01-25T11:26:03 IST" skipped="0">
  <testcase classname="testLayer.Register" name="test6" time="0.002"/>
  <system-out/>
  <testcase classname="testLayer.Register" name="test4" time="0.016"/>
  <system-out/>
</testsuite> <!-- testLayer.Register -->
