<?xml version="1.0" encoding="UTF-8"?>
<!-- Generated by org.testng.reporters.JUnitReportReporter -->
<testsuite hostname="DESKTOP-T29RGA0" failures="0" tests="7" name="basicTestNG.Sample4" time="0.024" errors="0" timestamp="2023-01-24T12:18:40 IST" skipped="0">
  <testcase classname="basicTestNG.Sample4" name="xyz" time="0.002"/>
  <system-out/>
  <testcase classname="basicTestNG.Sample4" name="abc" time="0.001"/>
  <system-out/>
  <testcase classname="basicTestNG.Sample4" name="abc" time="0.002"/>
  <system-out/>
  <testcase classname="basicTestNG.Sample4" name="abc" time="0.007"/>
  <system-out/>
  <testcase classname="basicTestNG.Sample4" name="abc" time="0.002"/>
  <system-out/>
  <testcase classname="basicTestNG.Sample4" name="abc" time="0.005"/>
  <system-out/>
  <testcase classname="basicTestNG.Sample4" name="mnp" time="0.005"/>
  <system-out/>
</testsuite> <!-- basicTestNG.Sample4 -->
