<?xml version="1.0" encoding="UTF-8"?>
<!-- Generated by org.testng.reporters.JUnitReportReporter -->
<testsuite hostname="DESKTOP-T29RGA0" failures="0" tests="1" name="testNGExamples.FirstScript" time="0.001" errors="0" timestamp="2023-01-24T11:47:35 IST" skipped="0">
  <testcase classname="testNGExamples.FirstScript" name="methodName" time="0.001"/>
  <system-out/>
</testsuite> <!-- testNGExamples.FirstScript -->
