<?xml version="1.0" encoding="UTF-8"?>
<!-- Generated by org.testng.reporters.JUnitReportReporter -->
<testsuite hostname="DESKTOP-T29RGA0" failures="0" tests="2" name="testLayer.LoginPage" time="0.005" errors="0" timestamp="2023-01-25T11:26:03 IST" skipped="0">
  <testcase classname="testLayer.LoginPage" name="test9" time="0.004"/>
  <system-out/>
  <testcase classname="testLayer.LoginPage" name="test7" time="0.001"/>
  <system-out/>
</testsuite> <!-- testLayer.LoginPage -->
