<?xml version="1.0" encoding="UTF-8"?>
<!-- Generated by org.testng.reporters.JUnitReportReporter -->
<testsuite hostname="DESKTOP-T29RGA0" failures="0" tests="4" name="basicTestNG.Sample5" time="0.012" errors="0" timestamp="2023-01-24T11:47:35 IST" skipped="0">
  <testcase classname="basicTestNG.Sample5" name="xyz" time="0.004"/>
  <system-out/>
  <testcase classname="basicTestNG.Sample5" name="mnp" time="0.002"/>
  <system-out/>
  <testcase classname="basicTestNG.Sample5" name="rst" time="0.004"/>
  <system-out/>
  <testcase classname="basicTestNG.Sample5" name="abc" time="0.002"/>
  <system-out/>
</testsuite> <!-- basicTestNG.Sample5 -->
